<?xml version="1.0" encoding="utf-8"?><testsuites name="pytest tests"><testsuite name="pytest" errors="0" failures="0" skipped="0" tests="34" time="7.770" timestamp="2026-05-16T17:31:11.884056+00:00" hostname="agent-env-d192caf4-a0c3-4523-98e3-8a279e56a643"><testcase classname="backend.tests.test_aura_v2_features.TestHealthCheck" name="test_api_root" time="0.205" /><testcase classname="backend.tests.test_aura_v2_features.TestOverwhelmMode" name="test_overwhelm_endpoint_exists" time="0.538" /><testcase classname="backend.tests.test_aura_v2_features.TestOverwhelmMode" name="test_overwhelm_returns_message" time="0.154" /><testcase classname="backend.tests.test_aura_v2_features.TestOverwhelmMode" name="test_overwhelm_returns_focus_tasks" time="0.195" /><testcase classname="backend.tests.test_aura_v2_features.TestOverwhelmMode" name="test_overwhelm_has_ai_unavailable_flag" time="0.154" /><testcase classname="backend.tests.test_aura_v2_features.TestOverwhelmMode" name="test_overwhelm_requires_auth" time="0.099" /><testcase classname="backend.tests.test_aura_v2_features.TestWeeklyReport" name="test_weekly_report_endpoint_exists" time="0.154" /><testcase classname="backend.tests.test_aura_v2_features.TestWeeklyReport" name="test_weekly_report_returns_narrative" time="0.187" /><testcase classname="backend.tests.test_aura_v2_features.TestWeeklyReport" name="test_weekly_report_returns_highlights" time="0.147" /><testcase classname="backend.tests.test_aura_v2_features.TestWeeklyReport" name="test_weekly_report_returns_recommendations" time="0.217" /><testcase classname="backend.tests.test_aura_v2_features.TestWeeklyReport" name="test_weekly_report_returns_grade" time="0.163" /><testcase classname="backend.tests.test_aura_v2_features.TestWeeklyReport" name="test_weekly_report_returns_stats" time="0.148" /><testcase classname="backend.tests.test_aura_v2_features.TestWeeklyReport" name="test_weekly_report_has_ai_unavailable_flag" time="0.146" /><testcase classname="backend.tests.test_aura_v2_features.TestWeeklyReport" name="test_weekly_report_requires_auth" time="0.125" /><testcase classname="backend.tests.test_aura_v2_features.TestGoalBreakdown" name="test_goal_breakdown_endpoint_exists" time="0.332" /><testcase classname="backend.tests.test_aura_v2_features.TestGoalBreakdown" name="test_goal_breakdown_returns_daily_tasks" time="0.371" /><testcase classname="backend.tests.test_aura_v2_features.TestGoalBreakdown" name="test_goal_breakdown_returns_goal_info" time="0.307" /><testcase classname="backend.tests.test_aura_v2_features.TestGoalBreakdown" name="test_goal_breakdown_has_ai_unavailable_flag" time="0.349" /><testcase classname="backend.tests.test_aura_v2_features.TestGoalBreakdown" name="test_goal_breakdown_404_for_invalid_goal" time="0.107" /><testcase classname="backend.tests.test_aura_v2_features.TestGoalBreakdown" name="test_goal_breakdown_requires_auth" time="0.100" /><testcase classname="backend.tests.test_aura_v2_features.TestGoalCreateTasks" name="test_create_tasks_endpoint_exists" time="0.321" /><testcase classname="backend.tests.test_aura_v2_features.TestGoalCreateTasks" name="test_create_tasks_returns_tasks_array" time="0.292" /><testcase classname="backend.tests.test_aura_v2_features.TestGoalCreateTasks" name="test_create_tasks_creates_actual_tasks" time="0.528" /><testcase classname="backend.tests.test_aura_v2_features.TestGoalCreateTasks" name="test_create_tasks_404_for_invalid_goal" time="0.102" /><testcase classname="backend.tests.test_aura_v2_features.TestGoalCreateTasks" name="test_create_tasks_requires_auth" time="0.100" /><testcase classname="backend.tests.test_aura_v2_features.TestGracefulFallbacks" name="test_brain_dump_returns_200_with_fallback" time="0.140" /><testcase classname="backend.tests.test_aura_v2_features.TestGracefulFallbacks" name="test_chat_returns_200_with_fallback" time="0.156" /><testcase classname="backend.tests.test_aura_v2_features.TestGracefulFallbacks" name="test_planner_generate_returns_200_with_fallback" time="0.220" /><testcase classname="backend.tests.test_aura_v2_features.TestGracefulFallbacks" name="test_prioritize_returns_200_with_fallback" time="0.142" /><testcase classname="backend.tests.test_aura_v2_features.TestExistingFeaturesRegression" name="test_auth_login" time="0.330" /><testcase classname="backend.tests.test_aura_v2_features.TestExistingFeaturesRegression" name="test_tasks_crud" time="0.467" /><testcase classname="backend.tests.test_aura_v2_features.TestExistingFeaturesRegression" name="test_focus_session" time="0.276" /><testcase classname="backend.tests.test_aura_v2_features.TestExistingFeaturesRegression" name="test_analytics_endpoints" time="0.284" /><testcase classname="backend.tests.test_aura_v2_features.TestExistingFeaturesRegression" name="test_settings_endpoints" time="0.107" /></testsuite></testsuites>