<?xml version="1.0" encoding="utf-8"?><testsuites name="pytest tests"><testsuite name="pytest" errors="0" failures="0" skipped="0" tests="13" time="4.282" timestamp="2026-05-16T17:41:26.144707+00:00" hostname="agent-env-d192caf4-a0c3-4523-98e3-8a279e56a643"><testcase classname="backend.tests.test_aura_v3_features.TestQuoteOfDay" name="test_quote_endpoint_exists" time="0.164" /><testcase classname="backend.tests.test_aura_v3_features.TestQuoteOfDay" name="test_quote_returns_quote_field" time="0.099" /><testcase classname="backend.tests.test_aura_v3_features.TestQuoteOfDay" name="test_quote_returns_author_field" time="0.111" /><testcase classname="backend.tests.test_aura_v3_features.TestQuoteOfDay" name="test_quote_no_auth_required" time="0.095" /><testcase classname="backend.tests.test_aura_v3_features.TestExistingFeaturesRegression" name="test_login_works" time="0.637" /><testcase classname="backend.tests.test_aura_v3_features.TestExistingFeaturesRegression" name="test_dashboard_stats_endpoint" time="0.373" /><testcase classname="backend.tests.test_aura_v3_features.TestExistingFeaturesRegression" name="test_tasks_endpoint" time="0.442" /><testcase classname="backend.tests.test_aura_v3_features.TestExistingFeaturesRegression" name="test_chat_endpoint" time="0.454" /><testcase classname="backend.tests.test_aura_v3_features.TestExistingFeaturesRegression" name="test_focus_history_endpoint" time="0.543" /><testcase classname="backend.tests.test_aura_v3_features.TestExistingFeaturesRegression" name="test_goals_endpoint" time="0.412" /><testcase classname="backend.tests.test_aura_v3_features.TestExistingFeaturesRegression" name="test_settings_get_endpoint" time="0.368" /><testcase classname="backend.tests.test_aura_v3_features.TestExistingFeaturesRegression" name="test_settings_update_endpoint" time="0.391" /><testcase classname="backend.tests.test_aura_v3_features.TestAPIHealth" name="test_api_root" time="0.116" /></testsuite></testsuites>