<?xml version="1.0" encoding="utf-8"?><testsuites name="pytest tests"><testsuite name="pytest" errors="0" failures="0" skipped="0" tests="24" time="10.515" timestamp="2026-05-16T17:53:36.502929+00:00" hostname="agent-env-d192caf4-a0c3-4523-98e3-8a279e56a643"><testcase classname="backend.tests.test_aura_v3_new_features.TestDistractionMonitor" name="test_log_distraction_social_media" time="0.430" /><testcase classname="backend.tests.test_aura_v3_new_features.TestDistractionMonitor" name="test_log_distraction_entertainment" time="0.436" /><testcase classname="backend.tests.test_aura_v3_new_features.TestDistractionMonitor" name="test_log_distraction_news" time="0.400" /><testcase classname="backend.tests.test_aura_v3_new_features.TestDistractionMonitor" name="test_log_distraction_shopping" time="0.433" /><testcase classname="backend.tests.test_aura_v3_new_features.TestDistractionMonitor" name="test_log_distraction_other" time="0.383" /><testcase classname="backend.tests.test_aura_v3_new_features.TestDistractionMonitor" name="test_get_distractions_returns_logs" time="0.430" /><testcase classname="backend.tests.test_aura_v3_new_features.TestDistractionMonitor" name="test_get_distractions_analysis" time="0.514" /><testcase classname="backend.tests.test_aura_v3_new_features.TestCalendarView" name="test_calendar_week_returns_7_days" time="0.407" /><testcase classname="backend.tests.test_aura_v3_new_features.TestCalendarView" name="test_calendar_week_with_start_date" time="0.385" /><testcase classname="backend.tests.test_aura_v3_new_features.TestCalendarView" name="test_calendar_week_day_structure" time="0.375" /><testcase classname="backend.tests.test_aura_v3_new_features.TestCalendarView" name="test_calendar_events_returns_tasks_with_deadlines" time="0.479" /><testcase classname="backend.tests.test_aura_v3_new_features.TestCalendarView" name="test_calendar_events_structure" time="0.376" /><testcase classname="backend.tests.test_aura_v3_new_features.TestVoiceProcessing" name="test_voice_process_creates_task" time="0.438" /><testcase classname="backend.tests.test_aura_v3_new_features.TestVoiceProcessing" name="test_voice_process_sends_to_chat" time="0.414" /><testcase classname="backend.tests.test_aura_v3_new_features.TestVoiceProcessing" name="test_voice_process_brain_dump" time="0.421" /><testcase classname="backend.tests.test_aura_v3_new_features.TestVoiceProcessing" name="test_voice_process_default_context" time="0.438" /><testcase classname="backend.tests.test_aura_v3_new_features.TestRegressionExistingFeatures" name="test_login_works" time="0.641" /><testcase classname="backend.tests.test_aura_v3_new_features.TestRegressionExistingFeatures" name="test_tasks_crud" time="0.599" /><testcase classname="backend.tests.test_aura_v3_new_features.TestRegressionExistingFeatures" name="test_chat_works" time="0.429" /><testcase classname="backend.tests.test_aura_v3_new_features.TestRegressionExistingFeatures" name="test_focus_history_works" time="0.367" /><testcase classname="backend.tests.test_aura_v3_new_features.TestRegressionExistingFeatures" name="test_analytics_weekly_works" time="0.385" /><testcase classname="backend.tests.test_aura_v3_new_features.TestRegressionExistingFeatures" name="test_goals_works" time="0.377" /><testcase classname="backend.tests.test_aura_v3_new_features.TestRegressionExistingFeatures" name="test_settings_works" time="0.418" /><testcase classname="backend.tests.test_aura_v3_new_features.TestRegressionExistingFeatures" name="test_quote_works" time="0.435" /></testsuite></testsuites>