<?xml version="1.0" encoding="utf-8"?><testsuites name="pytest tests"><testsuite name="pytest" errors="0" failures="4" skipped="0" tests="41" time="16.673" timestamp="2026-05-16T17:16:21.751104+00:00" hostname="agent-env-d192caf4-a0c3-4523-98e3-8a279e56a643"><testcase classname="backend.tests.test_aura_api.TestHealthCheck" name="test_api_root" time="0.245" /><testcase classname="backend.tests.test_aura_api.TestAuth" name="test_register_new_user" time="0.331" /><testcase classname="backend.tests.test_aura_api.TestAuth" name="test_register_duplicate_email" time="0.116" /><testcase classname="backend.tests.test_aura_api.TestAuth" name="test_login_admin" time="0.326" /><testcase classname="backend.tests.test_aura_api.TestAuth" name="test_login_invalid_credentials" time="0.368" /><testcase classname="backend.tests.test_aura_api.TestAuth" name="test_login_nonexistent_user" time="0.134" /><testcase classname="backend.tests.test_aura_api.TestAuth" name="test_me_endpoint_authenticated" time="0.467" /><testcase classname="backend.tests.test_aura_api.TestAuth" name="test_me_endpoint_unauthenticated" time="0.118" /><testcase classname="backend.tests.test_aura_api.TestAuth" name="test_logout" time="0.100" /><testcase classname="backend.tests.test_aura_api.TestTasks" name="test_create_task" time="0.461" /><testcase classname="backend.tests.test_aura_api.TestTasks" name="test_create_task_with_ai_autofill" time="0.505" /><testcase classname="backend.tests.test_aura_api.TestTasks" name="test_get_tasks" time="0.440" /><testcase classname="backend.tests.test_aura_api.TestTasks" name="test_get_tasks_with_filter" time="0.427" /><testcase classname="backend.tests.test_aura_api.TestTasks" name="test_update_task" time="0.599" /><testcase classname="backend.tests.test_aura_api.TestTasks" name="test_complete_task" time="0.669" /><testcase classname="backend.tests.test_aura_api.TestTasks" name="test_delete_task" time="0.587" /><testcase classname="backend.tests.test_aura_api.TestTasks" name="test_brain_dump" time="0.492"><failure message="AssertionError: Brain dump failed: {&quot;detail&quot;:&quot;AI service temporarily unavailable&quot;}&#10;assert 500 == 200&#10; +  where 500 = &lt;Response [500]&gt;.status_code">backend/tests/test_aura_api.py:249: in test_brain_dump
    assert response.status_code == 200, f"Brain dump failed: {response.text}"
E   AssertionError: Brain dump failed: {"detail":"AI service temporarily unavailable"}
E   assert 500 == 200
E    +  where 500 = &lt;Response [500]&gt;.status_code</failure></testcase><testcase classname="backend.tests.test_aura_api.TestTasks" name="test_prioritize_tasks" time="0.483"><failure message="assert 500 == 200&#10; +  where 500 = &lt;Response [500]&gt;.status_code">backend/tests/test_aura_api.py:259: in test_prioritize_tasks
    assert response.status_code == 200
E   assert 500 == 200
E    +  where 500 = &lt;Response [500]&gt;.status_code</failure></testcase><testcase classname="backend.tests.test_aura_api.TestChat" name="test_send_chat_message" time="0.488"><failure message="AssertionError: Chat failed: {&quot;detail&quot;:&quot;AI service temporarily unavailable&quot;}&#10;assert 500 == 200&#10; +  where 500 = &lt;Response [500]&gt;.status_code">backend/tests/test_aura_api.py:274: in test_send_chat_message
    assert response.status_code == 200, f"Chat failed: {response.text}"
E   AssertionError: Chat failed: {"detail":"AI service temporarily unavailable"}
E   assert 500 == 200
E    +  where 500 = &lt;Response [500]&gt;.status_code</failure></testcase><testcase classname="backend.tests.test_aura_api.TestChat" name="test_get_chat_history" time="0.429" /><testcase classname="backend.tests.test_aura_api.TestChat" name="test_clear_chat_history" time="0.454" /><testcase classname="backend.tests.test_aura_api.TestFocus" name="test_start_focus_session" time="0.453" /><testcase classname="backend.tests.test_aura_api.TestFocus" name="test_end_focus_session" time="0.560" /><testcase classname="backend.tests.test_aura_api.TestFocus" name="test_get_focus_history" time="0.440" /><testcase classname="backend.tests.test_aura_api.TestAnalytics" name="test_weekly_analytics" time="0.436" /><testcase classname="backend.tests.test_aura_api.TestAnalytics" name="test_procrastination_analytics" time="0.451" /><testcase classname="backend.tests.test_aura_api.TestAnalytics" name="test_burnout_analytics" time="0.472" /><testcase classname="backend.tests.test_aura_api.TestGoals" name="test_create_goal" time="0.506" /><testcase classname="backend.tests.test_aura_api.TestGoals" name="test_get_goals" time="0.447" /><testcase classname="backend.tests.test_aura_api.TestGoals" name="test_update_goal_progress" time="0.732" /><testcase classname="backend.tests.test_aura_api.TestSettings" name="test_get_settings" time="0.435" /><testcase classname="backend.tests.test_aura_api.TestSettings" name="test_update_settings" time="0.620" /><testcase classname="backend.tests.test_aura_api.TestPlanner" name="test_generate_plan" time="0.604"><failure message="assert 500 in [200, 422]&#10; +  where 500 = &lt;Response [500]&gt;.status_code">backend/tests/test_aura_api.py:459: in test_generate_plan
    assert response.status_code in [200, 422]
E   assert 500 in [200, 422]
E    +  where 500 = &lt;Response [500]&gt;.status_code</failure></testcase><testcase classname="backend.tests.test_aura_api.TestPlanner" name="test_get_today_plan" time="0.567" /><testcase classname="backend.tests.test_aura_api.TestNudges" name="test_get_pending_nudges" time="0.560" /><testcase classname="backend.tests.test_aura_api.TestProtectedRoutes" name="test_tasks_requires_auth" time="0.183" /><testcase classname="backend.tests.test_aura_api.TestProtectedRoutes" name="test_chat_requires_auth" time="0.177" /><testcase classname="backend.tests.test_aura_api.TestProtectedRoutes" name="test_focus_requires_auth" time="0.159" /><testcase classname="backend.tests.test_aura_api.TestProtectedRoutes" name="test_analytics_requires_auth" time="0.157" /><testcase classname="backend.tests.test_aura_api.TestProtectedRoutes" name="test_goals_requires_auth" time="0.160" /><testcase classname="backend.tests.test_aura_api.TestProtectedRoutes" name="test_settings_requires_auth" time="0.157" /></testsuite></testsuites>